Start testing: Mar 06 07:15 UTC
----------------------------------------------------------
1/4 Testing: RasterLoaderTest.LoadValidHeightmap
1/4 Test: RasterLoaderTest.LoadValidHeightmap
Command: "/usr/src/build/RasterLoaderTests" "--gtest_filter=RasterLoaderTest.LoadValidHeightmap" "--gtest_also_run_disabled_tests"
Directory: /usr/src/build
"RasterLoaderTest.LoadValidHeightmap" start time: Mar 06 07:15 UTC
Output:
----------------------------------------------------------
Running main() from /usr/src/external/gtest/googletest/googletest/src/gtest_main.cc
Note: Google Test filter = RasterLoaderTest.LoadValidHeightmap
[==========] Running 1 test from 1 test suite.
[----------] Global test environment set-up.
[----------] 1 test from RasterLoaderTest
[ RUN      ] RasterLoaderTest.LoadValidHeightmap
Loaded TIFF Dimensions: 323 x 127
[       OK ] RasterLoaderTest.LoadValidHeightmap (2 ms)
[----------] 1 test from RasterLoaderTest (2 ms total)

[----------] Global test environment tear-down
[==========] 1 test from 1 test suite ran. (2 ms total)
[  PASSED  ] 1 test.
<end of output>
Test time =   0.03 sec
----------------------------------------------------------
Test Passed.
"RasterLoaderTest.LoadValidHeightmap" end time: Mar 06 07:15 UTC
"RasterLoaderTest.LoadValidHeightmap" time elapsed: 00:00:00
----------------------------------------------------------

2/4 Testing: RasterLoaderTest.LoadInvalidFile
2/4 Test: RasterLoaderTest.LoadInvalidFile
Command: "/usr/src/build/RasterLoaderTests" "--gtest_filter=RasterLoaderTest.LoadInvalidFile" "--gtest_also_run_disabled_tests"
Directory: /usr/src/build
"RasterLoaderTest.LoadInvalidFile" start time: Mar 06 07:15 UTC
Output:
----------------------------------------------------------
Running main() from /usr/src/external/gtest/googletest/googletest/src/gtest_main.cc
Note: Google Test filter = RasterLoaderTest.LoadInvalidFile
[==========] Running 1 test from 1 test suite.
[----------] Global test environment set-up.
[----------] 1 test from RasterLoaderTest
[ RUN      ] RasterLoaderTest.LoadInvalidFile
ERROR 4: non_existent.tif: No such file or directory
Error: Failed to open file: non_existent.tif
[       OK ] RasterLoaderTest.LoadInvalidFile (2 ms)
[----------] 1 test from RasterLoaderTest (2 ms total)

[----------] Global test environment tear-down
[==========] 1 test from 1 test suite ran. (2 ms total)
[  PASSED  ] 1 test.
<end of output>
Test time =   0.05 sec
----------------------------------------------------------
Test Passed.
"RasterLoaderTest.LoadInvalidFile" end time: Mar 06 07:15 UTC
"RasterLoaderTest.LoadInvalidFile" time elapsed: 00:00:00
----------------------------------------------------------

3/4 Testing: RasterLoaderTest.HeightmapDataCheck
3/4 Test: RasterLoaderTest.HeightmapDataCheck
Command: "/usr/src/build/RasterLoaderTests" "--gtest_filter=RasterLoaderTest.HeightmapDataCheck" "--gtest_also_run_disabled_tests"
Directory: /usr/src/build
"RasterLoaderTest.HeightmapDataCheck" start time: Mar 06 07:15 UTC
Output:
----------------------------------------------------------
Running main() from /usr/src/external/gtest/googletest/googletest/src/gtest_main.cc
Note: Google Test filter = RasterLoaderTest.HeightmapDataCheck
[==========] Running 1 test from 1 test suite.
[----------] Global test environment set-up.
[----------] 1 test from RasterLoaderTest
[ RUN      ] RasterLoaderTest.HeightmapDataCheck
Loaded TIFF Dimensions: 323 x 127
[       OK ] RasterLoaderTest.HeightmapDataCheck (2 ms)
[----------] 1 test from RasterLoaderTest (2 ms total)

[----------] Global test environment tear-down
[==========] 1 test from 1 test suite ran. (2 ms total)
[  PASSED  ] 1 test.
<end of output>
Test time =   0.03 sec
----------------------------------------------------------
Test Passed.
"RasterLoaderTest.HeightmapDataCheck" end time: Mar 06 07:15 UTC
"RasterLoaderTest.HeightmapDataCheck" time elapsed: 00:00:00
----------------------------------------------------------

4/4 Testing: RasterLoaderTest.CopyToGPU
4/4 Test: RasterLoaderTest.CopyToGPU
Command: "/usr/src/build/RasterLoaderTests" "--gtest_filter=RasterLoaderTest.CopyToGPU" "--gtest_also_run_disabled_tests"
Directory: /usr/src/build
"RasterLoaderTest.CopyToGPU" start time: Mar 06 07:15 UTC
Output:
----------------------------------------------------------
Running main() from /usr/src/external/gtest/googletest/googletest/src/gtest_main.cc
Note: Google Test filter = RasterLoaderTest.CopyToGPU
[==========] Running 1 test from 1 test suite.
[----------] Global test environment set-up.
[----------] 1 test from RasterLoaderTest
[ RUN      ] RasterLoaderTest.CopyToGPU
Loaded TIFF Dimensions: 323 x 127
[       OK ] RasterLoaderTest.CopyToGPU (4 ms)
[----------] 1 test from RasterLoaderTest (4 ms total)

[----------] Global test environment tear-down
[==========] 1 test from 1 test suite ran. (4 ms total)
[  PASSED  ] 1 test.
<end of output>
Test time =   0.04 sec
----------------------------------------------------------
Test Passed.
"RasterLoaderTest.CopyToGPU" end time: Mar 06 07:15 UTC
"RasterLoaderTest.CopyToGPU" time elapsed: 00:00:00
----------------------------------------------------------

End testing: Mar 06 07:15 UTC
