Start testing: Mar 06 03:52 UTC
----------------------------------------------------------
1/3 Testing: RasterLoaderTest.LoadValidHeightmap
1/3 Test: RasterLoaderTest.LoadValidHeightmap
Command: "/usr/src/build/RasterLoaderTests" "--gtest_filter=RasterLoaderTest.LoadValidHeightmap" "--gtest_also_run_disabled_tests"
Directory: /usr/src/build
"RasterLoaderTest.LoadValidHeightmap" start time: Mar 06 03:52 UTC
Output:
----------------------------------------------------------
Running main() from /usr/src/external/gtest/googletest/googletest/src/gtest_main.cc
Note: Google Test filter = RasterLoaderTest.LoadValidHeightmap
[==========] Running 1 test from 1 test suite.
[----------] Global test environment set-up.
[----------] 1 test from RasterLoaderTest
[ RUN      ] RasterLoaderTest.LoadValidHeightmap
Loaded TIFF Dimensions: 323 x 127
[       OK ] RasterLoaderTest.LoadValidHeightmap (3 ms)
[----------] 1 test from RasterLoaderTest (3 ms total)

[----------] Global test environment tear-down
[==========] 1 test from 1 test suite ran. (3 ms total)
[  PASSED  ] 1 test.
<end of output>
Test time =   0.04 sec
----------------------------------------------------------
Test Passed.
"RasterLoaderTest.LoadValidHeightmap" end time: Mar 06 03:52 UTC
"RasterLoaderTest.LoadValidHeightmap" time elapsed: 00:00:00
----------------------------------------------------------

2/3 Testing: RasterLoaderTest.LoadInvalidFile
2/3 Test: RasterLoaderTest.LoadInvalidFile
Command: "/usr/src/build/RasterLoaderTests" "--gtest_filter=RasterLoaderTest.LoadInvalidFile" "--gtest_also_run_disabled_tests"
Directory: /usr/src/build
"RasterLoaderTest.LoadInvalidFile" start time: Mar 06 03:52 UTC
Output:
----------------------------------------------------------
Running main() from /usr/src/external/gtest/googletest/googletest/src/gtest_main.cc
Note: Google Test filter = RasterLoaderTest.LoadInvalidFile
[==========] Running 1 test from 1 test suite.
[----------] Global test environment set-up.
[----------] 1 test from RasterLoaderTest
[ RUN      ] RasterLoaderTest.LoadInvalidFile
ERROR 4: non_existent.tif: No such file or directory
Error: Failed to open file: non_existent.tif
[       OK ] RasterLoaderTest.LoadInvalidFile (2 ms)
[----------] 1 test from RasterLoaderTest (2 ms total)

[----------] Global test environment tear-down
[==========] 1 test from 1 test suite ran. (2 ms total)
[  PASSED  ] 1 test.
<end of output>
Test time =   0.05 sec
----------------------------------------------------------
Test Passed.
"RasterLoaderTest.LoadInvalidFile" end time: Mar 06 03:52 UTC
"RasterLoaderTest.LoadInvalidFile" time elapsed: 00:00:00
----------------------------------------------------------

3/3 Testing: RasterLoaderTest.HeightmapDataCheck
3/3 Test: RasterLoaderTest.HeightmapDataCheck
Command: "/usr/src/build/RasterLoaderTests" "--gtest_filter=RasterLoaderTest.HeightmapDataCheck" "--gtest_also_run_disabled_tests"
Directory: /usr/src/build
"RasterLoaderTest.HeightmapDataCheck" start time: Mar 06 03:52 UTC
Output:
----------------------------------------------------------
Running main() from /usr/src/external/gtest/googletest/googletest/src/gtest_main.cc
Note: Google Test filter = RasterLoaderTest.HeightmapDataCheck
[==========] Running 1 test from 1 test suite.
[----------] Global test environment set-up.
[----------] 1 test from RasterLoaderTest
[ RUN      ] RasterLoaderTest.HeightmapDataCheck
Loaded TIFF Dimensions: 323 x 127
[       OK ] RasterLoaderTest.HeightmapDataCheck (3 ms)
[----------] 1 test from RasterLoaderTest (3 ms total)

[----------] Global test environment tear-down
[==========] 1 test from 1 test suite ran. (3 ms total)
[  PASSED  ] 1 test.
<end of output>
Test time =   0.05 sec
----------------------------------------------------------
Test Passed.
"RasterLoaderTest.HeightmapDataCheck" end time: Mar 06 03:52 UTC
"RasterLoaderTest.HeightmapDataCheck" time elapsed: 00:00:00
----------------------------------------------------------

End testing: Mar 06 03:52 UTC
